{
  "RSpec": {
    "coverage": {
      "/Users/alexmac/Documents/turing/mod_4/SalarySight-BE/app/models/user.rb": {
        "lines": [
          1,
          null
        ]
      },
      "/Users/alexmac/Documents/turing/mod_4/SalarySight-BE/app/models/application_record.rb": {
        "lines": [
          1,
          1,
          null
        ]
      },
      "/Users/alexmac/Documents/turing/mod_4/SalarySight-BE/app/models/post.rb": {
        "lines": [
          1,
          null
        ]
      },
      "/Users/alexmac/Documents/turing/mod_4/SalarySight-BE/app/graphql/salary_sight_schema.rb": {
        "lines": [
          1,
          1,
          1,
          null,
          null,
          1,
          null,
          null,
          0,
          null,
          null,
          null,
          null,
          null,
          1,
          null,
          null,
          null,
          null,
          null,
          null,
          null,
          1,
          null,
          null,
          null,
          null,
          null,
          null,
          null,
          null
        ]
      },
      "/Users/alexmac/Documents/turing/mod_4/SalarySight-BE/app/graphql/types/mutation_type.rb": {
        "lines": [
          1,
          1,
          1,
          null,
          null
        ]
      },
      "/Users/alexmac/Documents/turing/mod_4/SalarySight-BE/app/graphql/types/base_object.rb": {
        "lines": [
          1,
          1,
          1,
          1,
          1,
          null,
          null
        ]
      },
      "/Users/alexmac/Documents/turing/mod_4/SalarySight-BE/app/graphql/types/base_edge.rb": {
        "lines": [
          1,
          1,
          null,
          1,
          null,
          null
        ]
      },
      "/Users/alexmac/Documents/turing/mod_4/SalarySight-BE/app/graphql/types/base_connection.rb": {
        "lines": [
          1,
          1,
          null,
          1,
          null,
          null
        ]
      },
      "/Users/alexmac/Documents/turing/mod_4/SalarySight-BE/app/graphql/types/base_field.rb": {
        "lines": [
          1,
          1,
          1,
          null,
          null
        ]
      },
      "/Users/alexmac/Documents/turing/mod_4/SalarySight-BE/app/graphql/types/base_argument.rb": {
        "lines": [
          1,
          1,
          null,
          null
        ]
      },
      "/Users/alexmac/Documents/turing/mod_4/SalarySight-BE/app/graphql/mutations/create_user.rb": {
        "lines": [
          1,
          1,
          1,
          1,
          1,
          1,
          null,
          1,
          1,
          null,
          1,
          1,
          1,
          null,
          1,
          null,
          null,
          null,
          0,
          null,
          null,
          null,
          null,
          null,
          null
        ]
      },
      "/Users/alexmac/Documents/turing/mod_4/SalarySight-BE/app/graphql/mutations/base_mutation.rb": {
        "lines": [
          1,
          1,
          1,
          1,
          1,
          1,
          null,
          null
        ]
      },
      "/Users/alexmac/Documents/turing/mod_4/SalarySight-BE/app/graphql/types/base_input_object.rb": {
        "lines": [
          1,
          1,
          1,
          null,
          null
        ]
      },
      "/Users/alexmac/Documents/turing/mod_4/SalarySight-BE/app/graphql/types/user_type.rb": {
        "lines": [
          1,
          1,
          1,
          1,
          1,
          1,
          1,
          null,
          null,
          null
        ]
      },
      "/Users/alexmac/Documents/turing/mod_4/SalarySight-BE/app/graphql/types/query_type.rb": {
        "lines": [
          1,
          1,
          null,
          1,
          1,
          null,
          1,
          1,
          1,
          null,
          null,
          1,
          1,
          null,
          1,
          0,
          null,
          null,
          null
        ]
      },
      "/Users/alexmac/Documents/turing/mod_4/SalarySight-BE/app/graphql/types/post_type.rb": {
        "lines": [
          1,
          1,
          1,
          1,
          1,
          1,
          1,
          1,
          1,
          1,
          1,
          1,
          1,
          1,
          1,
          null,
          null
        ]
      },
      "/Users/alexmac/Documents/turing/mod_4/SalarySight-BE/app/controllers/graphql_controller.rb": {
        "lines": [
          1,
          null,
          null,
          null,
          null,
          null,
          1,
          1,
          1,
          1,
          1,
          null,
          null,
          null,
          1,
          1,
          null,
          0,
          0,
          null,
          null,
          1,
          null,
          null,
          1,
          1,
          null,
          0,
          0,
          null,
          0,
          null,
          null,
          0,
          null,
          0,
          null,
          1,
          null,
          0,
          null,
          null,
          null,
          1,
          0,
          0,
          null,
          0,
          null,
          null
        ]
      },
      "/Users/alexmac/Documents/turing/mod_4/SalarySight-BE/app/controllers/application_controller.rb": {
        "lines": [
          1,
          null
        ]
      },
      "/Users/alexmac/Documents/turing/mod_4/SalarySight-BE/app/mailers/application_mailer.rb": {
        "lines": [
          0,
          0,
          0,
          0
        ],
        "branches": {
        }
      },
      "/Users/alexmac/Documents/turing/mod_4/SalarySight-BE/app/graphql/types/node_type.rb": {
        "lines": [
          0,
          0,
          0,
          null,
          0,
          0,
          0
        ],
        "branches": {
        }
      },
      "/Users/alexmac/Documents/turing/mod_4/SalarySight-BE/app/graphql/types/base_enum.rb": {
        "lines": [
          0,
          0,
          0,
          0
        ],
        "branches": {
        }
      },
      "/Users/alexmac/Documents/turing/mod_4/SalarySight-BE/app/graphql/types/base_interface.rb": {
        "lines": [
          0,
          0,
          0,
          0,
          0,
          null,
          0,
          0,
          0
        ],
        "branches": {
        }
      },
      "/Users/alexmac/Documents/turing/mod_4/SalarySight-BE/app/graphql/types/base_scalar.rb": {
        "lines": [
          0,
          0,
          0,
          0
        ],
        "branches": {
        }
      },
      "/Users/alexmac/Documents/turing/mod_4/SalarySight-BE/app/graphql/types/base_union.rb": {
        "lines": [
          0,
          0,
          0,
          0,
          0,
          0
        ],
        "branches": {
        }
      },
      "/Users/alexmac/Documents/turing/mod_4/SalarySight-BE/app/jobs/application_job.rb": {
        "lines": [
          0,
          0
        ],
        "branches": {
        }
      },
      "/Users/alexmac/Documents/turing/mod_4/SalarySight-BE/app/channels/application_cable/connection.rb": {
        "lines": [
          0,
          0,
          0,
          0
        ],
        "branches": {
        }
      },
      "/Users/alexmac/Documents/turing/mod_4/SalarySight-BE/app/channels/application_cable/channel.rb": {
        "lines": [
          0,
          0,
          0,
          0
        ],
        "branches": {
        }
      }
    },
    "timestamp": 1634427517
  }
}
